<?xml version="1.0" encoding="UTF-8"?>
<testng-results ignored="0" total="1" passed="1" failed="0" skipped="0">
  <reporter-output>
  </reporter-output>
  <suite started-at="2024-02-19T12:21:47 ART" name="Carina Demo Tests - Hello World" finished-at="2024-02-19T12:21:47 ART" duration-ms="104">
    <groups>
    </groups>
    <test started-at="2024-02-19T12:21:47 ART" name="Hello World test" finished-at="2024-02-19T12:21:47 ART" duration-ms="104">
      <class name="com.spotify.carina.carina.demo.HelloWorld">
        <test-method signature="helloWorld()[pri:0, instance:com.spotify.carina.carina.demo.HelloWorld@49e4b332]" started-at="2024-02-19T12:21:47 ART" name="helloWorld" finished-at="2024-02-19T12:21:47 ART" duration-ms="20" status="PASS">
          <reporter-output>
          </reporter-output>
        </test-method> <!-- helloWorld -->
        <test-method is-config="true" signature="onCarinaAfterMethod()[pri:0, instance:com.spotify.carina.carina.demo.HelloWorld@49e4b332]" started-at="2024-02-19T12:21:47 ART" name="onCarinaAfterMethod" finished-at="2024-02-19T12:21:47 ART" duration-ms="2" status="PASS">
          <reporter-output>
          </reporter-output>
        </test-method> <!-- onCarinaAfterMethod -->
      </class> <!-- com.spotify.carina.carina.demo.HelloWorld -->
    </test> <!-- Hello World test -->
  </suite> <!-- Carina Demo Tests - Hello World -->
</testng-results>
